<?xml version="1.0" encoding="UTF-8"?>
<!-- Generated by org.testng.reporters.JUnitReportReporter -->
<testsuite hostname="ParentsRoomPC" failures="0" tests="2" name="swagLabsTests.ProductsTest" time="1.556" errors="0" timestamp="2022-10-16T19:22:00 EDT" skipped="0">
  <testcase classname="swagLabsTests.ProductsTest" name="test2" time="0.978"/>
  <system-out/>
  <testcase classname="swagLabsTests.ProductsTest" name="test1" time="0.578"/>
  <system-out/>
</testsuite> <!-- swagLabsTests.ProductsTest -->
