<?xml version="1.0" encoding="UTF-8"?>
<!-- Generated by org.testng.reporters.JUnitReportReporter -->
<testsuite hostname="ParentsRoomPC" failures="0" tests="1" name="swagLabsTests.LogInTest" time="0.589" errors="0" timestamp="2022-10-17T12:36:50 EDT" skipped="0">
  <testcase classname="swagLabsTests.LogInTest" name="test1" time="0.589"/>
  <system-out/>
</testsuite> <!-- swagLabsTests.LogInTest -->
