<?xml version="1.0" encoding="UTF-8"?>
<!-- Generated by org.testng.reporters.JUnitReportReporter -->
<testsuite hostname="ParentsRoomPC" failures="0" tests="3" name="swagLabsTests.YouCartTest" time="1.704" errors="0" timestamp="2022-10-16T18:00:21 EDT" skipped="0">
  <testcase classname="swagLabsTests.YouCartTest" name="test2" time="1.047"/>
  <system-out/>
  <testcase classname="swagLabsTests.YouCartTest" name="test1" time="0.554"/>
  <system-out/>
  <testcase classname="swagLabsTests.YouCartTest" name="test3" time="0.103"/>
  <system-out/>
</testsuite> <!-- swagLabsTests.YouCartTest -->
